<?xml version="1.0" encoding="UTF-8"?>
<!-- Generated by org.testng.reporters.JUnitReportReporter -->
<testsuite hostname="DESKTOP-EDH5CLB" name="dataDrivenTest.HalfEbay" tests="4" failures="0" timestamp="13 Nov 2022 08:16:38 GMT" time="88.152" errors="0">
  <testcase name="halfEbayRegistration" time="31.017" classname="dataDrivenTest.HalfEbay"/>
  <testcase name="halfEbayRegistration" time="20.909" classname="dataDrivenTest.HalfEbay"/>
  <testcase name="halfEbayRegistration" time="17.836" classname="dataDrivenTest.HalfEbay"/>
  <testcase name="halfEbayRegistration" time="18.390" classname="dataDrivenTest.HalfEbay"/>
</testsuite> <!-- dataDrivenTest.HalfEbay -->
