<?xml version="1.0" encoding="UTF-8"?>
<!-- Generated by org.testng.reporters.JUnitReportReporter -->
<testsuite hostname="DESKTOP-EDH5CLB" name="dataProviderUtility.HalfEbay" tests="4" failures="0" timestamp="17 Nov 2022 05:51:37 GMT" time="93.415" errors="0">
  <testcase name="halfEbayRegistration" time="28.149" classname="dataProviderUtility.HalfEbay"/>
  <testcase name="halfEbayRegistration" time="19.144" classname="dataProviderUtility.HalfEbay"/>
  <testcase name="halfEbayRegistration" time="27.610" classname="dataProviderUtility.HalfEbay"/>
  <testcase name="halfEbayRegistration" time="18.512" classname="dataProviderUtility.HalfEbay"/>
</testsuite> <!-- dataProviderUtility.HalfEbay -->
